Arguments: 
  /Users/zero/.nvm/versions/node/v11.15.0/bin/node /Users/zero/.nvm/versions/node/v11.15.0/bin/yarn add --dev @types/immer

PATH: 
  /Users/zero/.deno/bin:/Users/zero/.nvm/versions/node/v11.15.0/bin:/usr/local/bin:/usr/bin:/bin:/usr/sbin:/sbin:/Users/zero/.deno/bin:/Users/zero/.nvm/versions/node/v11.15.0/bin

Yarn version: 
  1.16.0

Node version: 
  11.15.0

Platform: 
  darwin x64

Trace: 
  Error: https://registry.npm.taobao.org/@types%2fimmer: Not found
      at Request.params.callback [as _callback] (/Users/zero/.nvm/versions/node/v11.15.0/lib/node_modules/yarn/lib/cli.js:66091:18)
      at Request.self.callback (/Users/zero/.nvm/versions/node/v11.15.0/lib/node_modules/yarn/lib/cli.js:129590:22)
      at Request.emit (events.js:193:13)
      at Request.<anonymous> (/Users/zero/.nvm/versions/node/v11.15.0/lib/node_modules/yarn/lib/cli.js:130562:10)
      at Request.emit (events.js:193:13)
      at IncomingMessage.<anonymous> (/Users/zero/.nvm/versions/node/v11.15.0/lib/node_modules/yarn/lib/cli.js:130484:12)
      at Object.onceWrapper (events.js:281:20)
      at IncomingMessage.emit (events.js:198:15)
      at endReadableNT (_stream_readable.js:1139:12)
      at processTicksAndRejections (internal/process/task_queues.js:81:17)

npm manifest: 
  {
    "name": "@doreamonjs/plugin-user",
    "version": "0.0.0",
    "description": "An user plugin for doreamonjs",
    "main": "lib/index.js",
    "types": "lib/index.d.ts",
    "sideEffects": false,
    "scripts": {
      "clean": "rm -rf lib",
      "build": "npm run clean && tsc",
      "test": "jest -w 1",
      "coverage": "codecov",
      "prepublishOnly": "npm run build"
    },
    "publishConfig": {
      "access": "public"
    },
    "repository": {
      "type": "git",
      "url": "https://github.com/doreamonjs/doreamon"
    },
    "homepage": "https://github.com/doreamonjs/doreamon",
    "keywords": [
      "doreamonjs",
      "plugin-user"
    ],
    "author": "zero <tobewhatwewant@gmail.com>",
    "license": "MIT",
    "directories": {
      "lib": "lib",
      "test": "__tests__"
    },
    "files": [
      "lib"
    ],
    "bugs": {
      "url": "https://github.com/doreamonjs/doreamon/issues"
    },
    "jest": {
      "roots": [
        "__tests__"
      ],
      "transform": {
        "^.+\\.tsx?$": "ts-jest"
      },
      "testRegex": ".*\\.(spec|test)\\.(ts|tsx)$",
      "moduleDirectories": [
        "node_modules",
        "src"
      ],
      "moduleFileExtensions": [
        "ts",
        "tsx",
        "js",
        "jsx"
      ],
      "coverageDirectory": "./coverage/",
      "collectCoverage": true,
      "collectCoverageFrom": [
        "src/**/*.{ts,tsx}"
      ],
      "coverageThreshold": {
        "global": {
          "branches": 50,
          "functions": 90,
          "lines": 80,
          "statements": 90
        }
      },
      "preset": "ts-jest"
    },
    "devDependencies": {
      "dva": "^2.4.1",
      "immer": "^5.3.2"
    }
  }

yarn manifest: 
  No manifest

Lockfile: 
  # THIS IS AN AUTOGENERATED FILE. DO NOT EDIT THIS FILE DIRECTLY.
  # yarn lockfile v1
  
  
  "@babel/runtime@7.0.0-beta.46":
    version "7.0.0-beta.46"
    resolved "https://registry.npm.taobao.org/@babel/runtime/download/@babel/runtime-7.0.0-beta.46.tgz?cache=0&sync_timestamp=1578959786754&other_urls=https%3A%2F%2Fregistry.npm.taobao.org%2F%40babel%2Fruntime%2Fdownload%2F%40babel%2Fruntime-7.0.0-beta.46.tgz#466a9c0498f6d12d054a185981eef742d59d4871"
    integrity sha1-RmqcBJj20S0FShhZge73QtWdSHE=
    dependencies:
      core-js "^2.5.3"
      regenerator-runtime "^0.11.1"
  
  "@babel/runtime@^7.1.2":
    version "7.8.3"
    resolved "https://registry.yarnpkg.com/@babel/runtime/-/runtime-7.8.3.tgz#0811944f73a6c926bb2ad35e918dcc1bfab279f1"
    integrity sha512-fVHx1rzEmwB130VTkLnxR+HmxcTjGzH12LYQcFFoBwakMd3aOMD4OsRN7tGG/UOYE2ektgFrS8uACAoRk1CY0w==
    dependencies:
      regenerator-runtime "^0.13.2"
  
  "@types/history@*":
    version "4.7.4"
    resolved "https://registry.yarnpkg.com/@types/history/-/history-4.7.4.tgz#06cbceb0ace6a342a9aafcb655a688cf38f6150d"
    integrity sha512-+o2igcuZA3xtOoFH56s+MCZVidwlJNcJID57DSCyawS2i910yG9vkwehCjJNZ6ImhCR5S9DbvIJKyYHcMyOfMw==
  
  "@types/isomorphic-fetch@^0.0.34":
    version "0.0.34"
    resolved "https://registry.npm.taobao.org/@types/isomorphic-fetch/download/@types/isomorphic-fetch-0.0.34.tgz#3c3483e606c041378438e951464f00e4e60706d6"
    integrity sha1-PDSD5gbAQTeEOOlRRk8A5OYHBtY=
  
  "@types/prop-types@*":
    version "15.7.3"
    resolved "https://registry.yarnpkg.com/@types/prop-types/-/prop-types-15.7.3.tgz#2ab0d5da2e5815f94b0b9d4b95d1e5f243ab2ca7"
    integrity sha512-KfRL3PuHmqQLOG+2tGpRO26Ctg+Cq1E01D2DMriKEATHgWLfeNDmq9e29Q9WIky0dQ3NPkd1mzYH8Lm936Z9qw==
  
  "@types/react-router-dom@^4.2.7":
    version "4.3.5"
    resolved "https://registry.npm.taobao.org/@types/react-router-dom/download/@types/react-router-dom-4.3.5.tgz#72f229967690c890d00f96e6b85e9ee5780db31f"
    integrity sha1-cvIplnaQyJDQD5bmuF6e5XgNsx8=
    dependencies:
      "@types/history" "*"
      "@types/react" "*"
      "@types/react-router" "*"
  
  "@types/react-router-redux@^5.0.13":
    version "5.0.18"
    resolved "https://registry.npm.taobao.org/@types/react-router-redux/download/@types/react-router-redux-5.0.18.tgz#5f28d5f7387fa71e33f602ccf9269e1609d47b8b"
    integrity sha1-XyjV9zh/px4z9gLM+SaeFgnUe4s=
    dependencies:
      "@types/history" "*"
      "@types/react" "*"
      "@types/react-router" "*"
      redux ">= 3.7.2"
  
  "@types/react-router@*":
    version "5.1.4"
    resolved "https://registry.yarnpkg.com/@types/react-router/-/react-router-5.1.4.tgz#7d70bd905543cb6bcbdcc6bd98902332054f31a6"
    integrity sha512-PZtnBuyfL07sqCJvGg3z+0+kt6fobc/xmle08jBiezLS8FrmGeiGkJnuxL/8Zgy9L83ypUhniV5atZn/L8n9MQ==
    dependencies:
      "@types/history" "*"
      "@types/react" "*"
  
  "@types/react@*":
    version "16.9.18"
    resolved "https://registry.yarnpkg.com/@types/react/-/react-16.9.18.tgz#7dfb420a780e3740d43563506009834a86ae2af0"
    integrity sha512-MvjiKX/kUE8o49ipppg49RDZ97p4XfW1WWksp/UlTUSJpisyhzd62pZAMXxAscFLoxfYOflkGANAnGkSeHTFQg==
    dependencies:
      "@types/prop-types" "*"
      csstype "^2.2.0"
  
  core-js@^2.5.3:
    version "2.6.11"
    resolved "https://registry.npm.taobao.org/core-js/download/core-js-2.6.11.tgz#38831469f9922bded8ee21c9dc46985e0399308c"
    integrity sha1-OIMUafmSK97Y7iHJ3EaYXgOZMIw=
  
  csstype@^2.2.0:
    version "2.6.8"
    resolved "https://registry.yarnpkg.com/csstype/-/csstype-2.6.8.tgz#0fb6fc2417ffd2816a418c9336da74d7f07db431"
    integrity sha512-msVS9qTuMT5zwAGCVm4mxfrZ18BNc6Csd0oJAtiFMZ1FAx1CCvy2+5MDmYoix63LM/6NDbNtodCiGYGmFgO0dA==
  
  dom-walk@^0.1.0:
    version "0.1.1"
    resolved "https://registry.yarnpkg.com/dom-walk/-/dom-walk-0.1.1.tgz#672226dc74c8f799ad35307df936aba11acd6018"
    integrity sha1-ZyIm3HTI95mtNTB9+TaroRrNYBg=
  
  dva-core@^1.4.0:
    version "1.4.0"
    resolved "https://registry.npm.taobao.org/dva-core/download/dva-core-1.4.0.tgz#30aed800b97f07f768e42049094ee3150f48c5d3"
    integrity sha1-MK7YALl/B/do5CBJCU7jFQ9IxdM=
    dependencies:
      "@babel/runtime" "7.0.0-beta.46"
      flatten "^1.0.2"
      global "^4.3.2"
      invariant "^2.2.1"
      is-plain-object "^2.0.3"
      redux "^3.7.1"
      redux-saga "^0.16.0"
      warning "^3.0.0"
  
  dva@^2.4.1:
    version "2.4.1"
    resolved "https://registry.npm.taobao.org/dva/download/dva-2.4.1.tgz?cache=0&other_urls=https%3A%2F%2Fregistry.npm.taobao.org%2Fdva%2Fdownload%2Fdva-2.4.1.tgz#a3eeb07bb8bc6e2ff9ffe31799d03cb69e45f5fd"
    integrity sha1-o+6we7i8bi/5/+MXmdA8tp5F9f0=
    dependencies:
      "@babel/runtime" "7.0.0-beta.46"
      "@types/isomorphic-fetch" "^0.0.34"
      "@types/react-router-dom" "^4.2.7"
      "@types/react-router-redux" "^5.0.13"
      dva-core "^1.4.0"
      global "^4.3.2"
      history "^4.6.3"
      invariant "^2.2.2"
      isomorphic-fetch "^2.2.1"
      react-redux "5.0.7"
      react-router-dom "^4.1.2"
      react-router-redux "5.0.0-alpha.9"
      redux "^3.7.2"
  
  encoding@^0.1.11:
    version "0.1.12"
    resolved "https://registry.yarnpkg.com/encoding/-/encoding-0.1.12.tgz#538b66f3ee62cd1ab51ec323829d1f9480c74beb"
    integrity sha1-U4tm8+5izRq1HsMjgp0flIDHS+s=
    dependencies:
      iconv-lite "~0.4.13"
  
  flatten@^1.0.2:
    version "1.0.3"
    resolved "https://registry.yarnpkg.com/flatten/-/flatten-1.0.3.tgz#c1283ac9f27b368abc1e36d1ff7b04501a30356b"
    integrity sha512-dVsPA/UwQ8+2uoFe5GHtiBMu48dWLTdsuEd7CKGlZlD78r1TTWBvDuFaFGKCo/ZfEr95Uk56vZoX86OsHkUeIg==
  
  global@^4.3.2:
    version "4.4.0"
    resolved "https://registry.yarnpkg.com/global/-/global-4.4.0.tgz#3e7b105179006a323ed71aafca3e9c57a5cc6406"
    integrity sha512-wv/LAoHdRE3BeTGz53FAamhGlPLhlssK45usmGFThIi4XqnBmjKQ16u+RNbP7WvigRZDxUsM0J3gcQ5yicaL0w==
    dependencies:
      min-document "^2.19.0"
      process "^0.11.10"
  
  history@^4.6.3, history@^4.7.2:
    version "4.10.1"
    resolved "https://registry.yarnpkg.com/history/-/history-4.10.1.tgz#33371a65e3a83b267434e2b3f3b1b4c58aad4cf3"
    integrity sha512-36nwAD620w12kuzPAsyINPWJqlNbij+hpK1k9XRloDtym8mxzGYl2c17LnV6IAGB2Dmg4tEa7G7DlawS0+qjew==
    dependencies:
      "@babel/runtime" "^7.1.2"
      loose-envify "^1.2.0"
      resolve-pathname "^3.0.0"
      tiny-invariant "^1.0.2"
      tiny-warning "^1.0.0"
      value-equal "^1.0.1"
  
  hoist-non-react-statics@^2.5.0:
    version "2.5.5"
    resolved "https://registry.npm.taobao.org/hoist-non-react-statics/download/hoist-non-react-statics-2.5.5.tgz#c5903cf409c0dfd908f388e619d86b9c1174cb47"
    integrity sha1-xZA89AnA39kI84jmGdhrnBF0y0c=
  
  iconv-lite@~0.4.13:
    version "0.4.24"
    resolved "https://registry.yarnpkg.com/iconv-lite/-/iconv-lite-0.4.24.tgz#2022b4b25fbddc21d2f524974a474aafe733908b"
    integrity sha512-v3MXnZAcvnywkTUEZomIActle7RXXeedOR31wwl7VlyoXO4Qi9arvSenNQWne1TcRwhCL1HwLI21bEqdpj8/rA==
    dependencies:
      safer-buffer ">= 2.1.2 < 3"
  
  immer@^5.3.2:
    version "5.3.2"
    resolved "https://registry.npm.taobao.org/immer/download/immer-5.3.2.tgz#e3a1c9f3550f925278fd86b8d2d644f7d5e9561b"
    integrity sha1-46HJ81UPklJ4/Ya40tZE99XpVhs=
  
  invariant@^2.0.0, invariant@^2.2.1, invariant@^2.2.2, invariant@^2.2.4:
    version "2.2.4"
    resolved "https://registry.yarnpkg.com/invariant/-/invariant-2.2.4.tgz#610f3c92c9359ce1db616e538008d23ff35158e6"
    integrity sha512-phJfQVBuaJM5raOpJjSfkiD6BpbCE4Ns//LaXl6wGYtUBY83nWS6Rf9tXm2e8VaK60JEjYldbPif/A2B1C2gNA==
    dependencies:
      loose-envify "^1.0.0"
  
  is-plain-object@^2.0.3:
    version "2.0.4"
    resolved "https://registry.yarnpkg.com/is-plain-object/-/is-plain-object-2.0.4.tgz#2c163b3fafb1b606d9d17928f05c2a1c38e07677"
    integrity sha512-h5PpgXkWitc38BBMYawTYMWJHFZJVnBquFE57xFpjB8pJFiF6gZ+bU+WyI/yqXiFR5mdLsgYNaPe8uao6Uv9Og==
    dependencies:
      isobject "^3.0.1"
  
  is-stream@^1.0.1:
    version "1.1.0"
    resolved "https://registry.yarnpkg.com/is-stream/-/is-stream-1.1.0.tgz#12d4a3dd4e68e0b79ceb8dbc84173ae80d91ca44"
    integrity sha1-EtSj3U5o4Lec6428hBc66A2RykQ=
  
  isarray@0.0.1:
    version "0.0.1"
    resolved "https://registry.yarnpkg.com/isarray/-/isarray-0.0.1.tgz#8a18acfca9a8f4177e09abfc6038939b05d1eedf"
    integrity sha1-ihis/Kmo9Bd+Cav8YDiTmwXR7t8=
  
  isobject@^3.0.1:
    version "3.0.1"
    resolved "https://registry.yarnpkg.com/isobject/-/isobject-3.0.1.tgz#4e431e92b11a9731636aa1f9c8d1ccbcfdab78df"
    integrity sha1-TkMekrEalzFjaqH5yNHMvP2reN8=
  
  isomorphic-fetch@^2.2.1:
    version "2.2.1"
    resolved "https://registry.yarnpkg.com/isomorphic-fetch/-/isomorphic-fetch-2.2.1.tgz#611ae1acf14f5e81f729507472819fe9733558a9"
    integrity sha1-YRrhrPFPXoH3KVB0coGf6XM1WKk=
    dependencies:
      node-fetch "^1.0.1"
      whatwg-fetch ">=0.10.0"
  
  "js-tokens@^3.0.0 || ^4.0.0":
    version "4.0.0"
    resolved "https://registry.yarnpkg.com/js-tokens/-/js-tokens-4.0.0.tgz#19203fb59991df98e3a287050d4647cdeaf32499"
    integrity sha512-RdJUflcE3cUzKiMqQgsCu06FPu9UdIJO0beYbPhHN4k6apgJtifcoCtT9bcxOpYBtpD2kCM6Sbzg4CausW/PKQ==
  
  lodash-es@^4.17.5, lodash-es@^4.2.1:
    version "4.17.15"
    resolved "https://registry.npm.taobao.org/lodash-es/download/lodash-es-4.17.15.tgz#21bd96839354412f23d7a10340e5eac6ee455d78"
    integrity sha1-Ib2Wg5NUQS8j16EDQOXqxu5FXXg=
  
  lodash@^4.17.5, lodash@^4.2.1:
    version "4.17.15"
    resolved "https://registry.npm.taobao.org/lodash/download/lodash-4.17.15.tgz?cache=0&other_urls=https%3A%2F%2Fregistry.npm.taobao.org%2Flodash%2Fdownload%2Flodash-4.17.15.tgz#b447f6670a0455bbfeedd11392eff330ea097548"
    integrity sha1-tEf2ZwoEVbv+7dETku/zMOoJdUg=
  
  loose-envify@^1.0.0, loose-envify@^1.1.0, loose-envify@^1.2.0, loose-envify@^1.3.1, loose-envify@^1.4.0:
    version "1.4.0"
    resolved "https://registry.yarnpkg.com/loose-envify/-/loose-envify-1.4.0.tgz#71ee51fa7be4caec1a63839f7e682d8132d30caf"
    integrity sha512-lyuxPGr/Wfhrlem2CL/UcnUc1zcqKAImBDzukY7Y5F/yQiNdko6+fRLevlw1HgMySw7f611UIY408EtxRSoK3Q==
    dependencies:
      js-tokens "^3.0.0 || ^4.0.0"
  
  min-document@^2.19.0:
    version "2.19.0"
    resolved "https://registry.yarnpkg.com/min-document/-/min-document-2.19.0.tgz#7bd282e3f5842ed295bb748cdd9f1ffa2c824685"
    integrity sha1-e9KC4/WELtKVu3SM3Z8f+iyCRoU=
    dependencies:
      dom-walk "^0.1.0"
  
  node-fetch@^1.0.1:
    version "1.7.3"
    resolved "https://registry.yarnpkg.com/node-fetch/-/node-fetch-1.7.3.tgz#980f6f72d85211a5347c6b2bc18c5b84c3eb47ef"
    integrity sha512-NhZ4CsKx7cYm2vSrBAr2PvFOe6sWDf0UYLRqA6svUYg7+/TSfVAu49jYC4BvQ4Sms9SZgdqGBgroqfDhJdTyKQ==
    dependencies:
      encoding "^0.1.11"
      is-stream "^1.0.1"
  
  object-assign@^4.1.1:
    version "4.1.1"
    resolved "https://registry.yarnpkg.com/object-assign/-/object-assign-4.1.1.tgz#2109adc7965887cfc05cbbd442cac8bfbb360863"
    integrity sha1-IQmtx5ZYh8/AXLvUQsrIv7s2CGM=
  
  path-to-regexp@^1.7.0:
    version "1.8.0"
    resolved "https://registry.yarnpkg.com/path-to-regexp/-/path-to-regexp-1.8.0.tgz#887b3ba9d84393e87a0a0b9f4cb756198b53548a"
    integrity sha512-n43JRhlUKUAlibEJhPeir1ncUID16QnEjNpwzNdO3Lm4ywrBpBZ5oLD0I6br9evr1Y9JTqwRtAh7JLoOzAQdVA==
    dependencies:
      isarray "0.0.1"
  
  process@^0.11.10:
    version "0.11.10"
    resolved "https://registry.yarnpkg.com/process/-/process-0.11.10.tgz#7332300e840161bda3e69a1d1d91a7d4bc16f182"
    integrity sha1-czIwDoQBYb2j5podHZGn1LwW8YI=
  
  prop-types@^15.6.0, prop-types@^15.6.1:
    version "15.7.2"
    resolved "https://registry.npm.taobao.org/prop-types/download/prop-types-15.7.2.tgz#52c41e75b8c87e72b9d9360e0206b99dcbffa6c5"
    integrity sha1-UsQedbjIfnK52TYOAga5ncv/psU=
    dependencies:
      loose-envify "^1.4.0"
      object-assign "^4.1.1"
      react-is "^16.8.1"
  
  react-is@^16.8.1:
    version "16.12.0"
    resolved "https://registry.yarnpkg.com/react-is/-/react-is-16.12.0.tgz#2cc0fe0fba742d97fd527c42a13bec4eeb06241c"
    integrity sha512-rPCkf/mWBtKc97aLL9/txD8DZdemK0vkA3JMLShjlJB3Pj3s+lpf1KaBzMfQrAmhMQB0n1cU/SUGgKKBCe837Q==
  
  react-redux@5.0.7:
    version "5.0.7"
    resolved "https://registry.npm.taobao.org/react-redux/download/react-redux-5.0.7.tgz#0dc1076d9afb4670f993ffaef44b8f8c1155a4c8"
    integrity sha1-DcEHbZr7RnD5k/+u9EuPjBFVpMg=
    dependencies:
      hoist-non-react-statics "^2.5.0"
      invariant "^2.0.0"
      lodash "^4.17.5"
      lodash-es "^4.17.5"
      loose-envify "^1.1.0"
      prop-types "^15.6.0"
  
  react-router-dom@^4.1.2:
    version "4.3.1"
    resolved "https://registry.npm.taobao.org/react-router-dom/download/react-router-dom-4.3.1.tgz#4c2619fc24c4fa87c9fd18f4fb4a43fe63fbd5c6"
    integrity sha1-TCYZ/CTE+ofJ/Rj0+0pD/mP71cY=
    dependencies:
      history "^4.7.2"
      invariant "^2.2.4"
      loose-envify "^1.3.1"
      prop-types "^15.6.1"
      react-router "^4.3.1"
      warning "^4.0.1"
  
  react-router-redux@5.0.0-alpha.9:
    version "5.0.0-alpha.9"
    resolved "https://registry.npm.taobao.org/react-router-redux/download/react-router-redux-5.0.0-alpha.9.tgz#825431516e0e6f1fd93b8807f6bd595e23ec3d10"
    integrity sha1-glQxUW4Obx/ZO4gH9r1ZXiPsPRA=
    dependencies:
      history "^4.7.2"
      prop-types "^15.6.0"
      react-router "^4.2.0"
  
  react-router@^4.2.0, react-router@^4.3.1:
    version "4.3.1"
    resolved "https://registry.npm.taobao.org/react-router/download/react-router-4.3.1.tgz#aada4aef14c809cb2e686b05cee4742234506c4e"
    integrity sha1-qtpK7xTICcsuaGsFzuR0IjRQbE4=
    dependencies:
      history "^4.7.2"
      hoist-non-react-statics "^2.5.0"
      invariant "^2.2.4"
      loose-envify "^1.3.1"
      path-to-regexp "^1.7.0"
      prop-types "^15.6.1"
      warning "^4.0.1"
  
  redux-saga@^0.16.0:
    version "0.16.2"
    resolved "https://registry.yarnpkg.com/redux-saga/-/redux-saga-0.16.2.tgz#993662e86bc945d8509ac2b8daba3a8c615cc971"
    integrity sha512-iIjKnRThI5sKPEASpUvySemjzwqwI13e3qP7oLub+FycCRDysLSAOwt958niZW6LhxfmS6Qm1BzbU70w/Koc4w==
  
  "redux@>= 3.7.2":
    version "4.0.5"
    resolved "https://registry.npm.taobao.org/redux/download/redux-4.0.5.tgz#4db5de5816e17891de8a80c424232d06f051d93f"
    integrity sha1-TbXeWBbheJHeioDEJCMtBvBR2T8=
    dependencies:
      loose-envify "^1.4.0"
      symbol-observable "^1.2.0"
  
  redux@^3.7.1, redux@^3.7.2:
    version "3.7.2"
    resolved "https://registry.npm.taobao.org/redux/download/redux-3.7.2.tgz#06b73123215901d25d065be342eb026bc1c8537b"
    integrity sha1-BrcxIyFZAdJdBlvjQusCa8HIU3s=
    dependencies:
      lodash "^4.2.1"
      lodash-es "^4.2.1"
      loose-envify "^1.1.0"
      symbol-observable "^1.0.3"
  
  regenerator-runtime@^0.11.1:
    version "0.11.1"
    resolved "https://registry.npm.taobao.org/regenerator-runtime/download/regenerator-runtime-0.11.1.tgz#be05ad7f9bf7d22e056f9726cee5017fbf19e2e9"
    integrity sha1-vgWtf5v30i4Fb5cmzuUBf78Z4uk=
  
  regenerator-runtime@^0.13.2:
    version "0.13.3"
    resolved "https://registry.yarnpkg.com/regenerator-runtime/-/regenerator-runtime-0.13.3.tgz#7cf6a77d8f5c6f60eb73c5fc1955b2ceb01e6bf5"
    integrity sha512-naKIZz2GQ8JWh///G7L3X6LaQUAMp2lvb1rvwwsURe/VXwD6VMfr+/1NuNw3ag8v2kY1aQ/go5SNn79O9JU7yw==
  
  resolve-pathname@^3.0.0:
    version "3.0.0"
    resolved "https://registry.yarnpkg.com/resolve-pathname/-/resolve-pathname-3.0.0.tgz#99d02224d3cf263689becbb393bc560313025dcd"
    integrity sha512-C7rARubxI8bXFNB/hqcp/4iUeIXJhJZvFPFPiSPRnhU5UPxzMFIl+2E6yY6c4k9giDJAhtV+enfA+G89N6Csng==
  
  "safer-buffer@>= 2.1.2 < 3":
    version "2.1.2"
    resolved "https://registry.yarnpkg.com/safer-buffer/-/safer-buffer-2.1.2.tgz#44fa161b0187b9549dd84bb91802f9bd8385cd6a"
    integrity sha512-YZo3K82SD7Riyi0E1EQPojLz7kpepnSQI9IyPbHHg1XXXevb5dJI7tpyN2ADxGcQbHG7vcyRHk0cbwqcQriUtg==
  
  symbol-observable@^1.0.3, symbol-observable@^1.2.0:
    version "1.2.0"
    resolved "https://registry.yarnpkg.com/symbol-observable/-/symbol-observable-1.2.0.tgz#c22688aed4eab3cdc2dfeacbb561660560a00804"
    integrity sha512-e900nM8RRtGhlV36KGEU9k65K3mPb1WV70OdjfxlG2EAuM1noi/E/BaW/uMhL7bPEssK8QV57vN3esixjUvcXQ==
  
  tiny-invariant@^1.0.2:
    version "1.0.6"
    resolved "https://registry.yarnpkg.com/tiny-invariant/-/tiny-invariant-1.0.6.tgz#b3f9b38835e36a41c843a3b0907a5a7b3755de73"
    integrity sha512-FOyLWWVjG+aC0UqG76V53yAWdXfH8bO6FNmyZOuUrzDzK8DI3/JRY25UD7+g49JWM1LXwymsKERB+DzI0dTEQA==
  
  tiny-warning@^1.0.0:
    version "1.0.3"
    resolved "https://registry.yarnpkg.com/tiny-warning/-/tiny-warning-1.0.3.tgz#94a30db453df4c643d0fd566060d60a875d84754"
    integrity sha512-lBN9zLN/oAf68o3zNXYrdCt1kP8WsiGW8Oo2ka41b2IM5JL/S1CTyX1rW0mb/zSuJun0ZUrDxx4sqvYS2FWzPA==
  
  value-equal@^1.0.1:
    version "1.0.1"
    resolved "https://registry.yarnpkg.com/value-equal/-/value-equal-1.0.1.tgz#1e0b794c734c5c0cade179c437d356d931a34d6c"
    integrity sha512-NOJ6JZCAWr0zlxZt+xqCHNTEKOsrks2HQd4MqhP1qy4z1SkbEP467eNx6TgDKXMvUOb+OENfJCZwM+16n7fRfw==
  
  warning@^3.0.0:
    version "3.0.0"
    resolved "https://registry.yarnpkg.com/warning/-/warning-3.0.0.tgz#32e5377cb572de4ab04753bdf8821c01ed605b7c"
    integrity sha1-MuU3fLVy3kqwR1O9+IIcAe1gW3w=
    dependencies:
      loose-envify "^1.0.0"
  
  warning@^4.0.1:
    version "4.0.3"
    resolved "https://registry.npm.taobao.org/warning/download/warning-4.0.3.tgz?cache=0&other_urls=https%3A%2F%2Fregistry.npm.taobao.org%2Fwarning%2Fdownload%2Fwarning-4.0.3.tgz#16e9e077eb8a86d6af7d64aa1e05fd85b4678ca3"
    integrity sha1-Fungd+uKhtavfWSqHgX9hbRnjKM=
    dependencies:
      loose-envify "^1.0.0"
  
  whatwg-fetch@>=0.10.0:
    version "3.0.0"
    resolved "https://registry.yarnpkg.com/whatwg-fetch/-/whatwg-fetch-3.0.0.tgz#fc804e458cc460009b1a2b966bc8817d2578aefb"
    integrity sha512-9GSJUgz1D4MfyKU7KRqwOjXCXTqWdFNvEr7eUBYchQiVc744mqK/MzXPNR2WsPkmkOa4ywfg8C2n8h+13Bey1Q==
